[09-Jun-2025 16:29:17 Europe/Berlin] JSON recibido: {"action":"actualizar_estado_producto","codPedido":"undefined","codProducto":"undefined","estado":"listo","area":"cocina","codEmpleado":1,"numMesa":"1"}
[09-Jun-2025 16:29:17 Europe/Berlin] Procesando actualización para pedido: 0, producto: 0, estado: listo, area: cocina, numMesa: 1
[09-Jun-2025 16:29:17 Europe/Berlin] Conexión nula en actualizarEstadoProductoCompleto, intentando reconectar
[09-Jun-2025 16:29:17 Europe/Berlin] Actualizando estado del producto - Pedido: 0, Producto: 0, Estado: listo, Área: cocina
[09-Jun-2025 16:29:17 Europe/Berlin] Enviando notificación de respaldo desde cocina.php: {"tipo":"actualizacionEstadoProducto","codPedido":0,"codProducto":0,"estado":"listo","area":"cocina","numMesa":"1"}
[09-Jun-2025 16:29:19 Europe/Berlin] Notificación WebSocket enviada correctamente: {"tipo":"actualizacionEstadoProducto","codPedido":0,"codProducto":0,"estado":"listo","area":"cocina","numMesa":"1"}
[09-Jun-2025 16:29:19 Europe/Berlin] Resultado de actualización: Array
(
    [success] => 
    [mensaje] => Error al actualizar el estado: No se encontró el producto 0 en el pedido 0
    [conexion] => mysqli Object
        (
            [affected_rows] => -1
            [client_info] => mysqlnd 8.2.12
            [client_version] => 80212
            [connect_errno] => 0
            [connect_error] => 
            [errno] => 0
            [error] => 
            [error_list] => Array
                (
                )

            [field_count] => 0
            [host_info] => localhost via TCP/IP
            [info] => 
            [insert_id] => 0
            [server_info] => 10.4.32-MariaDB
            [server_version] => 100432
            [sqlstate] => 00000
            [protocol_version] => 10
            [thread_id] => 11570
            [warning_count] => 0
        )

)

[09-Jun-2025 16:29:29 Europe/Berlin] Obteniendo pedidos pendientes para área: cocina
[09-Jun-2025 16:29:29 Europe/Berlin] Obteniendo pedidos pendientes para área: cocina
[09-Jun-2025 16:29:32 Europe/Berlin] Obteniendo pedidos pendientes para área: cocina
[09-Jun-2025 16:29:32 Europe/Berlin] Obteniendo pedidos pendientes para área: cocina
[09-Jun-2025 16:30:14 Europe/Berlin] JSON recibido: {"action":"actualizar_estado_producto","codPedido":"undefined","codProducto":"undefined","estado":"preparando","area":"cocina","codEmpleado":1,"numMesa":"1"}
[09-Jun-2025 16:30:14 Europe/Berlin] Procesando actualización para pedido: 0, producto: 0, estado: preparando, area: cocina, numMesa: 1
[09-Jun-2025 16:30:14 Europe/Berlin] Conexión nula en actualizarEstadoProductoCompleto, intentando reconectar
[09-Jun-2025 16:30:14 Europe/Berlin] Actualizando estado del producto - Pedido: 0, Producto: 0, Estado: preparando, Área: cocina
[09-Jun-2025 16:30:14 Europe/Berlin] Enviando notificación de respaldo desde cocina.php: {"tipo":"actualizacionEstadoProducto","codPedido":0,"codProducto":0,"estado":"preparando","area":"cocina","numMesa":"1"}
[09-Jun-2025 16:30:16 Europe/Berlin] Notificación WebSocket enviada correctamente: {"tipo":"actualizacionEstadoProducto","codPedido":0,"codProducto":0,"estado":"preparando","area":"cocina","numMesa":"1"}
[09-Jun-2025 16:30:16 Europe/Berlin] Resultado de actualización: Array
(
    [success] => 
    [mensaje] => Error al actualizar el estado: No se encontró el producto 0 en el pedido 0
    [conexion] => mysqli Object
        (
            [affected_rows] => -1
            [client_info] => mysqlnd 8.2.12
            [client_version] => 80212
            [connect_errno] => 0
            [connect_error] => 
            [errno] => 0
            [error] => 
            [error_list] => Array
                (
                )

            [field_count] => 0
            [host_info] => localhost via TCP/IP
            [info] => 
            [insert_id] => 0
            [server_info] => 10.4.32-MariaDB
            [server_version] => 100432
            [sqlstate] => 00000
            [protocol_version] => 10
            [thread_id] => 11591
            [warning_count] => 0
        )

)

[09-Jun-2025 16:33:02 Europe/Berlin] Obteniendo pedidos pendientes para área: cocina
[09-Jun-2025 16:33:02 Europe/Berlin] Obteniendo pedidos pendientes para área: cocina
[09-Jun-2025 16:33:19 Europe/Berlin] JSON recibido: {"action":"actualizar_estado_producto","codPedido":"undefined","codProducto":"undefined","estado":"preparando","area":"cocina","codEmpleado":1,"numMesa":"1"}
[09-Jun-2025 16:33:19 Europe/Berlin] Procesando actualización para pedido: 0, producto: 0, estado: preparando, area: cocina, numMesa: 1
[09-Jun-2025 16:33:19 Europe/Berlin] Conexión nula en actualizarEstadoProductoCompleto, intentando reconectar
[09-Jun-2025 16:33:19 Europe/Berlin] Actualizando estado del producto - Pedido: 0, Producto: 0, Estado: preparando, Área: cocina
[09-Jun-2025 16:33:19 Europe/Berlin] Enviando notificación de respaldo desde cocina.php: {"tipo":"actualizacionEstadoProducto","codPedido":0,"codProducto":0,"estado":"preparando","area":"cocina","numMesa":"1"}
[09-Jun-2025 16:33:21 Europe/Berlin] Notificación WebSocket enviada correctamente: {"tipo":"actualizacionEstadoProducto","codPedido":0,"codProducto":0,"estado":"preparando","area":"cocina","numMesa":"1"}
[09-Jun-2025 16:33:21 Europe/Berlin] Resultado de actualización: Array
(
    [success] => 
    [mensaje] => Error al actualizar el estado: No se encontró el producto 0 en el pedido 0
    [conexion] => mysqli Object
        (
            [affected_rows] => -1
            [client_info] => mysqlnd 8.2.12
            [client_version] => 80212
            [connect_errno] => 0
            [connect_error] => 
            [errno] => 0
            [error] => 
            [error_list] => Array
                (
                )

            [field_count] => 0
            [host_info] => localhost via TCP/IP
            [info] => 
            [insert_id] => 0
            [server_info] => 10.4.32-MariaDB
            [server_version] => 100432
            [sqlstate] => 00000
            [protocol_version] => 10
            [thread_id] => 11602
            [warning_count] => 0
        )

)

[09-Jun-2025 16:35:57 Europe/Berlin] Obteniendo pedidos pendientes para área: cocina
[09-Jun-2025 16:35:57 Europe/Berlin] Obteniendo pedidos pendientes para área: cocina
[09-Jun-2025 16:37:49 Europe/Berlin] Obteniendo pedidos pendientes para área: cocina
[09-Jun-2025 16:37:49 Europe/Berlin] Obteniendo pedidos pendientes para área: cocina
[09-Jun-2025 16:39:56 Europe/Berlin] Obteniendo pedidos pendientes para área: cocina
[09-Jun-2025 16:39:56 Europe/Berlin] Obteniendo pedidos pendientes para área: cocina
[09-Jun-2025 16:40:00 Europe/Berlin] JSON recibido: {"action":"actualizar_estado_producto","codPedido":"undefined","codProducto":"undefined","estado":"preparando","area":"cocina","codEmpleado":1,"numMesa":"1"}
[09-Jun-2025 16:40:00 Europe/Berlin] Procesando actualización para pedido: 0, producto: 0, estado: preparando, area: cocina, numMesa: 1
[09-Jun-2025 16:40:00 Europe/Berlin] Conexión nula en actualizarEstadoProductoCompleto, intentando reconectar
[09-Jun-2025 16:40:00 Europe/Berlin] Actualizando estado del producto - Pedido: 0, Producto: 0, Estado: preparando, Área: cocina
[09-Jun-2025 16:40:00 Europe/Berlin] Enviando notificación de respaldo desde cocina.php: {"tipo":"actualizacionEstadoProducto","codPedido":0,"codProducto":0,"estado":"preparando","area":"cocina","numMesa":"1"}
[09-Jun-2025 16:40:02 Europe/Berlin] Notificación WebSocket enviada correctamente: {"tipo":"actualizacionEstadoProducto","codPedido":0,"codProducto":0,"estado":"preparando","area":"cocina","numMesa":"1"}
[09-Jun-2025 16:40:02 Europe/Berlin] Resultado de actualización: Array
(
    [success] => 
    [mensaje] => Error al actualizar el estado: No se encontró el producto 0 en el pedido 0
    [conexion] => mysqli Object
        (
            [affected_rows] => -1
            [client_info] => mysqlnd 8.2.12
            [client_version] => 80212
            [connect_errno] => 0
            [connect_error] => 
            [errno] => 0
            [error] => 
            [error_list] => Array
                (
                )

            [field_count] => 0
            [host_info] => localhost via TCP/IP
            [info] => 
            [insert_id] => 0
            [server_info] => 10.4.32-MariaDB
            [server_version] => 100432
            [sqlstate] => 00000
            [protocol_version] => 10
            [thread_id] => 11635
            [warning_count] => 0
        )

)

[09-Jun-2025 16:40:14 Europe/Berlin] JSON recibido: {"action":"actualizar_estado_producto","codPedido":"undefined","codProducto":"undefined","estado":"listo","area":"cocina","codEmpleado":1,"numMesa":"1"}
[09-Jun-2025 16:40:14 Europe/Berlin] Procesando actualización para pedido: 0, producto: 0, estado: listo, area: cocina, numMesa: 1
[09-Jun-2025 16:40:14 Europe/Berlin] Conexión nula en actualizarEstadoProductoCompleto, intentando reconectar
[09-Jun-2025 16:40:14 Europe/Berlin] Actualizando estado del producto - Pedido: 0, Producto: 0, Estado: listo, Área: cocina
[09-Jun-2025 16:40:14 Europe/Berlin] Enviando notificación de respaldo desde cocina.php: {"tipo":"actualizacionEstadoProducto","codPedido":0,"codProducto":0,"estado":"listo","area":"cocina","numMesa":"1"}
[09-Jun-2025 16:40:16 Europe/Berlin] Notificación WebSocket enviada correctamente: {"tipo":"actualizacionEstadoProducto","codPedido":0,"codProducto":0,"estado":"listo","area":"cocina","numMesa":"1"}
[09-Jun-2025 16:40:16 Europe/Berlin] Resultado de actualización: Array
(
    [success] => 
    [mensaje] => Error al actualizar el estado: No se encontró el producto 0 en el pedido 0
    [conexion] => mysqli Object
        (
            [affected_rows] => -1
            [client_info] => mysqlnd 8.2.12
            [client_version] => 80212
            [connect_errno] => 0
            [connect_error] => 
            [errno] => 0
            [error] => 
            [error_list] => Array
                (
                )

            [field_count] => 0
            [host_info] => localhost via TCP/IP
            [info] => 
            [insert_id] => 0
            [server_info] => 10.4.32-MariaDB
            [server_version] => 100432
            [sqlstate] => 00000
            [protocol_version] => 10
            [thread_id] => 11636
            [warning_count] => 0
        )

)

[09-Jun-2025 16:40:38 Europe/Berlin] Obteniendo pedidos pendientes para área: cocina
[09-Jun-2025 16:40:40 Europe/Berlin] Obteniendo pedidos pendientes para área: cocina
